-------------------------------------------------------------------------------
Test set: TestSuite
-------------------------------------------------------------------------------
Tests run: 5, Failures: 2, Errors: 0, Skipped: 0, Time elapsed: 53.193 s <<< FAILURE! - in TestSuite
validate_languages_statuscode(com.vlocity.qe.WikipediaTest)  Time elapsed: 17.875 s  <<< FAILURE!
javax.net.ssl.SSLHandshakeException: sun.security.validator.ValidatorException: PKIX path building failed: sun.security.provider.certpath.SunCertPathBuilderException: unable to find valid certification path to requested target
	at com.vlocity.qe.WikipediaTest.validate_languages_statuscode(WikipediaTest.java:116)
Caused by: sun.security.validator.ValidatorException: PKIX path building failed: sun.security.provider.certpath.SunCertPathBuilderException: unable to find valid certification path to requested target
	at com.vlocity.qe.WikipediaTest.validate_languages_statuscode(WikipediaTest.java:116)
Caused by: sun.security.provider.certpath.SunCertPathBuilderException: unable to find valid certification path to requested target
	at com.vlocity.qe.WikipediaTest.validate_languages_statuscode(WikipediaTest.java:116)

validate_languages_statuscode(com.vlocity.qe.WikipediaTest)  Time elapsed: 0.109 s  <<< FAILURE!
java.lang.NullPointerException
	at com.vlocity.qe.WikipediaTest.validate_languages_statuscode(WikipediaTest.java:113)

