<?xml version="1.0" encoding="UTF-8"?>
<testsuite xmlns:xsi="http://www.w3.org/2001/XMLSchema-instance" xsi:noNamespaceSchemaLocation="https://maven.apache.org/surefire/maven-surefire-plugin/xsd/surefire-test-report.xsd" name="TestSuite" time="53.193" tests="5" errors="0" skipped="0" failures="2">
  <properties>
[...]
</properties>
  <testcase name="sloganPresent" classname="com.vlocity.qe.WikipediaTest" time="0.125"/>
  <testcase name="validate_languages" classname="com.vlocity.qe.WikipediaTest" time="0.166"/>
  <testcase name="validate_languages" classname="com.vlocity.qe.WikipediaTest" time="0.047"/>
  <testcase name="validate_languages_statuscode" classname="com.vlocity.qe.WikipediaTest" time="17.875">
    <failure message="sun.security.validator.ValidatorException: PKIX path building failed: sun.security.provider.certpath.SunCertPathBuilderException: unable to find valid certification path to requested target" type="javax.net.ssl.SSLHandshakeException">javax.net.ssl.SSLHandshakeException: sun.security.validator.ValidatorException: PKIX path building failed: sun.security.provider.certpath.SunCertPathBuilderException: unable to find valid certification path to requested target
	at com.vlocity.qe.WikipediaTest.validate_languages_statuscode(WikipediaTest.java:116)
Caused by: sun.security.validator.ValidatorException: PKIX path building failed: sun.security.provider.certpath.SunCertPathBuilderException: unable to find valid certification path to requested target
	at com.vlocity.qe.WikipediaTest.validate_languages_statuscode(WikipediaTest.java:116)
Caused by: sun.security.provider.certpath.SunCertPathBuilderException: unable to find valid certification path to requested target
	at com.vlocity.qe.WikipediaTest.validate_languages_statuscode(WikipediaTest.java:116)
</failure>
    <system-err><![CDATA[[main] INFO com.vlocity.qe.ElementFinder - Using By By.xpath: //strong[text()='English']
[main] INFO com.vlocity.qe.WikipediaTest - Clicked on English successfully
log4j:WARN No appenders could be found for logger (org.apache.http.impl.conn.BasicClientConnectionManager).
log4j:WARN Please initialize the log4j system properly.
]]></system-err>
  </testcase>
  <testcase name="validate_languages_statuscode" classname="com.vlocity.qe.WikipediaTest" time="0.109">
    <failure type="java.lang.NullPointerException">java.lang.NullPointerException
	at com.vlocity.qe.WikipediaTest.validate_languages_statuscode(WikipediaTest.java:113)
</failure>
    <system-out><![CDATA[Uanble to locate the elemnt org.openqa.selenium.NoSuchElementException: no such element: Unable to locate element: {"method":"xpath","selector":"//strong[text()='Español']"}
  (Session info: chrome=75.0.3770.100)
  (Driver info: chromedriver=74.0.3729.6 (255758eccf3d244491b8a1317aa76e1ce10d57e9-refs/branch-heads/3729@{#29}),platform=Windows NT 6.1.7601 SP1 x86_64) (WARNING: The server did not provide any stacktrace information)
Command duration or timeout: 0 milliseconds
For documentation on this error, please visit: https://www.seleniumhq.org/exceptions/no_such_element.html
Build info: version: '3.141.59', revision: 'e82be7d358', time: '2018-11-14T08:17:03'
System info: host: 'JCPSIJGEC', ip: '10.5.16.50', os.name: 'Windows 7', os.arch: 'amd64', os.version: '6.1', java.version: '1.8.0_101'
Driver info: org.openqa.selenium.chrome.ChromeDriver
Capabilities {acceptInsecureCerts: false, acceptSslCerts: false, applicationCacheEnabled: false, browserConnectionEnabled: false, browserName: chrome, chrome: {chromedriverVersion: 74.0.3729.6 (255758eccf3d24..., userDataDir: C:\Users\rs2\AppData\Local\...}, cssSelectorsEnabled: true, databaseEnabled: false, goog:chromeOptions: {debuggerAddress: localhost:57187}, handlesAlerts: true, hasTouchScreen: false, javascriptEnabled: true, locationContextEnabled: true, mobileEmulationEnabled: false, nativeEvents: true, networkConnectionEnabled: false, pageLoadStrategy: normal, platform: XP, platformName: XP, proxy: Proxy(), rotatable: false, setWindowRect: true, strictFileInteractability: false, takesHeapSnapshot: true, takesScreenshot: true, timeouts: {implicit: 0, pageLoad: 300000, script: 30000}, unexpectedAlertBehaviour: ignore, unhandledPromptBehavior: ignore, version: 75.0.3770.100, webStorageEnabled: true}
Session ID: 1d4bb571f233e0fd0b87db2713cf794b
*** Element info: {Using=xpath, value=//strong[text()='Español']}
]]></system-out>
    <system-err><![CDATA[[main] INFO com.vlocity.qe.ElementFinder - Using By By.xpath: //strong[text()='Español']
]]></system-err>
  </testcase>
</testsuite>