<?xml version="1.0" encoding="UTF-8"?>
<!-- Generated by org.testng.reporters.JUnitXMLReporter -->
<testsuite hostname="JCPSIJGEC" ignored="0" name="Selenium Take Home Test" tests="5" failures="0" timestamp="02 Jul 2019 04:28:24 GMT" time="76.192" errors="0">
  <testcase name="sloganPresent" time="0.097" classname="com.vlocity.qe.WikipediaTest"/>
  <testcase name="validate_languages" time="0.189" classname="com.vlocity.qe.WikipediaTest"/>
  <testcase name="validate_languages" time="0.057" classname="com.vlocity.qe.WikipediaTest"/>
  <testcase name="validate_languages_statuscode" time="24.186" classname="com.vlocity.qe.WikipediaTest"/>
  <testcase name="validate_languages_statuscode" time="18.34" classname="com.vlocity.qe.WikipediaTest"/>
</testsuite> <!-- Selenium Take Home Test -->
